#
# A fatal error has been detected by the Java Runtime Environment:
#
#  SIGBUS (0x7) at pc=0x00007fd188845a32, pid=13999, tid=0x00007fd16df0d700
#
# JRE version: Java(TM) SE Runtime Environment (8.0_101-b13) (build 1.8.0_101-b13)
# Java VM: Java HotSpot(TM) 64-Bit Server VM (25.101-b13 mixed mode linux-amd64 compressed oops)
# Problematic frame:
# C  [libzip.so+0x11a32]  newEntry+0x62
#
# Failed to write core dump. Core dumps have been disabled. To enable core dumping, try "ulimit -c unlimited" before starting Java again
#
# If you would like to submit a bug report, please visit:
#   http://bugreport.java.com/bugreport/crash.jsp
# The crash happened outside the Java Virtual Machine in native code.
# See problematic frame for where to report the bug.
#

---------------  T H R E A D  ---------------

Current thread (0x00007fd13c00a800):  JavaThread "Thread-0" [_thread_in_native, id=14491, stack(0x00007fd16de0d000,0x00007fd16df0e000)]

siginfo: si_signo: 7 (SIGBUS), si_code: 2 (BUS_ADRERR), si_addr: 0x00007fd16d596fda

Registers:
RAX=0x00007fd134001ed0, RBX=0x00007fd1841d3080, RCX=0x00007fd134000020, RDX=0x00007fd134001ed0
RSP=0x00007fd16df0a1b0, RBP=0x00007fd16df0a200, RSI=0x0000000000000000, RDI=0x0000000000000000
R8 =0x0000000000000003, R9 =0x0000000000000005, R10=0x00007fd175183418, R11=0x00007fd18b867501
R12=0x00007fd16d596fbd, R13=0x00007fd134001ed0, R14=0x000000009ac6435b, R15=0x00007fd1841c51b0
RIP=0x00007fd188845a32, EFLAGS=0x0000000000010206, CSGSFS=0x0000000000000033, ERR=0x0000000000000004
  TRAPNO=0x000000000000000e

Top of Stack: (sp=0x00007fd16df0a1b0)
0x00007fd16df0a1b0:   0000000000000000 0000000000000000
0x00007fd16df0a1c0:   00000007c00007a8 00007fd18afd034e
0x00007fd16df0a1d0:   00007fd134001ed0 00007fd1841d3080
0x00007fd16df0a1e0:   00007fd11801c4d0 00007fd1841c51b0
0x00007fd16df0a1f0:   000000009ac6435b 000000000000002b
0x00007fd16df0a200:   00007fd16df0a260 00007fd18884618f
0x00007fd16df0a210:   00007fd13c00a800 0100000000000000
0x00007fd16df0a220:   00007fd16df0a280 00007fd16df0a2ac
0x00007fd16df0a230:   00007fd16df0a2aa 00007fd16df0a280
0x00007fd16df0a240:   000000000000002b 00007fd13c00a9f8
0x00007fd16df0a250:   00007fd16df0a6d8 0000000000000001
0x00007fd16df0a260:   00007fd16df0a6c0 00007fd188837ec0
0x00007fd16df0a270:   0000000000000000 00007fd1841c51b0
0x00007fd16df0a280:   696c63652f67726f 7474656a2f657370
0x00007fd16df0a290:   462f6c6974752f79 6c61436572757475
0x00007fd16df0a2a0:   6c632e6b6361626c 0000000000737361
0x00007fd16df0a2b0:   0000000000000000 0000000000000000
0x00007fd16df0a2c0:   0000000000000000 0000000000000000
0x00007fd16df0a2d0:   0000000000000000 0000000000000000
0x00007fd16df0a2e0:   0000000000000000 0000000000000000
0x00007fd16df0a2f0:   0000000000000000 0000000000000000
0x00007fd16df0a300:   0000000000000000 0000000000000000
0x00007fd16df0a310:   0000000000000000 0000000000000000
0x00007fd16df0a320:   0000000067c71160 000000006fbd6668
0x00007fd16df0a330:   0000000000000000 0000000000000000
0x00007fd16df0a340:   0000000000000000 0000000000000000
0x00007fd16df0a350:   0000000000000000 0000000000000000
0x00007fd16df0a360:   000000006fbe2118 000000006fbe2118
0x00007fd16df0a370:   0000000000000000 0000000000000000
0x00007fd16df0a380:   0000000000000000 000000005123c8c8
0x00007fd16df0a390:   000000005123c9c8 0000000067c70f40
0x00007fd16df0a3a0:   0000000000000000 0000000000000000 

Instructions: (pc=0x00007fd188845a32)
0x00007fd188845a12:   00 48 c7 40 28 00 00 00 00 41 80 7f 30 00 0f 84
0x00007fd188845a22:   8a 02 00 00 4c 8b 63 08 4d 2b 67 28 4d 03 67 18
0x00007fd188845a32:   41 0f b6 5c 24 1d 41 0f b6 44 24 1c c1 e3 08 09
0x00007fd188845a42:   c3 41 0f b6 44 24 1e 88 45 bd 41 0f b6 54 24 20 

Register to memory mapping:

RAX=0x00007fd134001ed0 is an unknown value
RBX=0x00007fd1841d3080 is an unknown value
RCX=0x00007fd134000020 is an unknown value
RDX=0x00007fd134001ed0 is an unknown value
RSP=0x00007fd16df0a1b0 is pointing into the stack for thread: 0x00007fd13c00a800
RBP=0x00007fd16df0a200 is pointing into the stack for thread: 0x00007fd13c00a800
RSI=0x0000000000000000 is an unknown value
RDI=0x0000000000000000 is an unknown value
R8 =0x0000000000000003 is an unknown value
R9 =0x0000000000000005 is an unknown value
R10=0x00007fd175183418 is at entry_point+88 in (nmethod*)0x00007fd175183250
R11=0x00007fd18b867501: <offset 0x187501> in /lib/x86_64-linux-gnu/libc.so.6 at 0x00007fd18b6e0000
R12=0x00007fd16d596fbd is an unknown value
R13=0x00007fd134001ed0 is an unknown value
R14=0x000000009ac6435b is an unknown value
R15=0x00007fd1841c51b0 is an unknown value


Stack: [0x00007fd16de0d000,0x00007fd16df0e000],  sp=0x00007fd16df0a1b0,  free space=1012k
Native frames: (J=compiled Java code, j=interpreted, Vv=VM code, C=native code)
C  [libzip.so+0x11a32]  newEntry+0x62
C  [libzip.so+0x1218f]  ZIP_GetEntry2+0xff
C  [libzip.so+0x3ec0]  Java_java_util_zip_ZipFile_getEntry+0xf0
J 247  java.util.zip.ZipFile.getEntry(J[BZ)J (0 bytes) @ 0x00007fd17518348e [0x00007fd1751833c0+0xce]
J 285 C1 java.util.zip.ZipFile.getEntry(Ljava/lang/String;)Ljava/util/zip/ZipEntry; (86 bytes) @ 0x00007fd17519d6ac [0x00007fd17519d440+0x26c]
J 284 C1 java.util.jar.JarFile.getEntry(Ljava/lang/String;)Ljava/util/zip/ZipEntry; (22 bytes) @ 0x00007fd17519e074 [0x00007fd17519dfe0+0x94]
J 1007 C2 sun.misc.URLClassPath$JarLoader.getResource(Ljava/lang/String;Z)Lsun/misc/Resource; (85 bytes) @ 0x00007fd1753f34d0 [0x00007fd1753f32a0+0x230]
J 2426 C2 java.net.URLClassLoader$1.run()Ljava/lang/Object; (5 bytes) @ 0x00007fd175939c00 [0x00007fd175939560+0x6a0]
v  ~StubRoutines::call_stub
V  [libjvm.so+0x68f6b6]  JavaCalls::call_helper(JavaValue*, methodHandle*, JavaCallArguments*, Thread*)+0x1056
V  [libjvm.so+0x72851c]  JVM_DoPrivileged+0x27c
J 237  java.security.AccessController.doPrivileged(Ljava/security/PrivilegedExceptionAction;Ljava/security/AccessControlContext;)Ljava/lang/Object; (0 bytes) @ 0x00007fd175180395 [0x00007fd1751802c0+0xd5]
J 1891 C2 java.lang.ClassLoader.loadClass(Ljava/lang/String;Z)Ljava/lang/Class; (122 bytes) @ 0x00007fd1756d3244 [0x00007fd1756d2720+0xb24]
J 199 C1 sun.misc.Launcher$AppClassLoader.loadClass(Ljava/lang/String;Z)Ljava/lang/Class; (85 bytes) @ 0x00007fd175172e2c [0x00007fd175172460+0x9cc]
J 198 C1 java.lang.ClassLoader.loadClass(Ljava/lang/String;)Ljava/lang/Class; (7 bytes) @ 0x00007fd17517195c [0x00007fd175171840+0x11c]
v  ~StubRoutines::call_stub
V  [libjvm.so+0x68f6b6]  JavaCalls::call_helper(JavaValue*, methodHandle*, JavaCallArguments*, Thread*)+0x1056
V  [libjvm.so+0x68fbc1]  JavaCalls::call_virtual(JavaValue*, KlassHandle, Symbol*, Symbol*, JavaCallArguments*, Thread*)+0x321
V  [libjvm.so+0x690016]  JavaCalls::call_virtual(JavaValue*, Handle, KlassHandle, Symbol*, Symbol*, Handle, Thread*)+0x56
V  [libjvm.so+0xa3a560]  SystemDictionary::load_instance_class(Symbol*, Handle, Thread*)+0x3f0
V  [libjvm.so+0xa394ac]  SystemDictionary::resolve_instance_class_or_null(Symbol*, Handle, Handle, Thread*)+0x7cc
V  [libjvm.so+0xa3a983]  SystemDictionary::resolve_or_fail(Symbol*, Handle, Handle, bool, Thread*)+0x33
V  [libjvm.so+0x4f2ed8]  ConstantPool::klass_at_impl(constantPoolHandle, int, Thread*)+0x158
V  [libjvm.so+0x683c31]  InterpreterRuntime::_new(JavaThread*, ConstantPool*, int)+0x71
j  org.eclipse.jetty.server.AbstractConnector.shutdown()Ljava/util/concurrent/Future;+0
j  org.eclipse.jetty.server.AbstractNetworkConnector.shutdown()Ljava/util/concurrent/Future;+5
j  org.eclipse.jetty.server.ServerConnector.shutdown()Ljava/util/concurrent/Future;+1
j  org.eclipse.jetty.server.Server.doStop()V+60
j  org.eclipse.jetty.util.component.AbstractLifeCycle.stop()V+30
j  org.eclipse.jetty.util.thread.ShutdownThread.run()V+41
v  ~StubRoutines::call_stub
V  [libjvm.so+0x68f6b6]  JavaCalls::call_helper(JavaValue*, methodHandle*, JavaCallArguments*, Thread*)+0x1056
V  [libjvm.so+0x68fbc1]  JavaCalls::call_virtual(JavaValue*, KlassHandle, Symbol*, Symbol*, JavaCallArguments*, Thread*)+0x321
V  [libjvm.so+0x690067]  JavaCalls::call_virtual(JavaValue*, Handle, KlassHandle, Symbol*, Symbol*, Thread*)+0x47
V  [libjvm.so+0x726fc0]  thread_entry(JavaThread*, Thread*)+0xa0
V  [libjvm.so+0xa7343f]  JavaThread::thread_main_inner()+0xdf
V  [libjvm.so+0xa7356c]  JavaThread::run()+0x11c
V  [libjvm.so+0x924698]  java_start(Thread*)+0x108
C  [libpthread.so.0+0x8184]  start_thread+0xc4

Java frames: (J=compiled Java code, j=interpreted, Vv=VM code)
J 247  java.util.zip.ZipFile.getEntry(J[BZ)J (0 bytes) @ 0x00007fd175183418 [0x00007fd1751833c0+0x58]
J 285 C1 java.util.zip.ZipFile.getEntry(Ljava/lang/String;)Ljava/util/zip/ZipEntry; (86 bytes) @ 0x00007fd17519d6ac [0x00007fd17519d440+0x26c]
J 284 C1 java.util.jar.JarFile.getEntry(Ljava/lang/String;)Ljava/util/zip/ZipEntry; (22 bytes) @ 0x00007fd17519e074 [0x00007fd17519dfe0+0x94]
J 1007 C2 sun.misc.URLClassPath$JarLoader.getResource(Ljava/lang/String;Z)Lsun/misc/Resource; (85 bytes) @ 0x00007fd1753f34d0 [0x00007fd1753f32a0+0x230]
J 2426 C2 java.net.URLClassLoader$1.run()Ljava/lang/Object; (5 bytes) @ 0x00007fd175939c00 [0x00007fd175939560+0x6a0]
v  ~StubRoutines::call_stub
J 237  java.security.AccessController.doPrivileged(Ljava/security/PrivilegedExceptionAction;Ljava/security/AccessControlContext;)Ljava/lang/Object; (0 bytes) @ 0x00007fd175180323 [0x00007fd1751802c0+0x63]
J 1891 C2 java.lang.ClassLoader.loadClass(Ljava/lang/String;Z)Ljava/lang/Class; (122 bytes) @ 0x00007fd1756d3244 [0x00007fd1756d2720+0xb24]
J 199 C1 sun.misc.Launcher$AppClassLoader.loadClass(Ljava/lang/String;Z)Ljava/lang/Class; (85 bytes) @ 0x00007fd175172e2c [0x00007fd175172460+0x9cc]
J 198 C1 java.lang.ClassLoader.loadClass(Ljava/lang/String;)Ljava/lang/Class; (7 bytes) @ 0x00007fd17517195c [0x00007fd175171840+0x11c]
v  ~StubRoutines::call_stub
j  org.eclipse.jetty.server.AbstractConnector.shutdown()Ljava/util/concurrent/Future;+0
j  org.eclipse.jetty.server.AbstractNetworkConnector.shutdown()Ljava/util/concurrent/Future;+5
j  org.eclipse.jetty.server.ServerConnector.shutdown()Ljava/util/concurrent/Future;+1
j  org.eclipse.jetty.server.Server.doStop()V+60
j  org.eclipse.jetty.util.component.AbstractLifeCycle.stop()V+30
j  org.eclipse.jetty.util.thread.ShutdownThread.run()V+41
v  ~StubRoutines::call_stub

---------------  P R O C E S S  ---------------

Java Threads: ( => current thread )
=>0x00007fd13c00a800 JavaThread "Thread-0" [_thread_in_native, id=14491, stack(0x00007fd16de0d000,0x00007fd16df0e000)]
  0x00007fd148002000 JavaThread "SIGINT handler" daemon [_thread_in_vm, id=14490, stack(0x00007fd16e00f000,0x00007fd16e110000)]
  0x00007fd11c007000 JavaThread "Scheduler-2025864991" [_thread_blocked, id=14102, stack(0x00007fd167aff000,0x00007fd167c00000)]
  0x00007fd18400c000 JavaThread "DestroyJavaVM" [_thread_blocked, id=14000, stack(0x00007fd18c1da000,0x00007fd18c2db000)]
  0x00007fd1851b1800 JavaThread "org.eclipse.jetty.util.RolloverFileOutputStream" daemon [_thread_blocked, id=14091, stack(0x00007fd1513b5000,0x00007fd1514b6000)]
  0x00007fd13c005000 JavaThread "I/O dispatcher 19" [_thread_in_native, id=14090, stack(0x00007fd1518b6000,0x00007fd1519b7000)]
  0x00007fd184b91800 JavaThread "Couchbase View Thread" [_thread_in_native, id=14089, stack(0x00007fd1519b7000,0x00007fd151ab8000)]
  0x00007fd184b82800 JavaThread "Memcached IO over {MemcachedConnection to li1450-75.members.linode.com/139.162.37.75:11210}" [_thread_in_native, id=14088, stack(0x00007fd151ab8000,0x00007fd151bb9000)]
  0x00007fd138208000 JavaThread "I/O dispatcher 18" [_thread_in_native, id=14087, stack(0x00007fd151bb9000,0x00007fd151cba000)]
  0x00007fd184b6b800 JavaThread "Couchbase View Thread" [_thread_in_native, id=14086, stack(0x00007fd151cba000,0x00007fd151dbb000)]
  0x00007fd184b5c800 JavaThread "Memcached IO over {MemcachedConnection to li1450-75.members.linode.com/139.162.37.75:11210}" [_thread_in_native, id=14085, stack(0x00007fd151dbb000,0x00007fd151ebc000)]
  0x00007fd12400f000 JavaThread "I/O dispatcher 17" [_thread_in_native, id=14084, stack(0x00007fd151ebc000,0x00007fd151fbd000)]
  0x00007fd184b46000 JavaThread "Couchbase View Thread" [_thread_in_native, id=14083, stack(0x00007fd151fbd000,0x00007fd1520be000)]
  0x00007fd184b37800 JavaThread "Memcached IO over {MemcachedConnection to li1450-75.members.linode.com/139.162.37.75:11210}" [_thread_in_native, id=14082, stack(0x00007fd1520be000,0x00007fd1521bf000)]
  0x00007fd12000f000 JavaThread "I/O dispatcher 16" [_thread_in_native, id=14081, stack(0x00007fd1521bf000,0x00007fd1522c0000)]
  0x00007fd184b20800 JavaThread "Couchbase View Thread" [_thread_in_native, id=14080, stack(0x00007fd1640a9000,0x00007fd1641aa000)]
  0x00007fd184b12000 JavaThread "Memcached IO over {MemcachedConnection to li1450-75.members.linode.com/139.162.37.75:11210}" [_thread_in_native, id=14079, stack(0x00007fd1641aa000,0x00007fd1642ab000)]
  0x00007fd10c00f000 JavaThread "I/O dispatcher 15" [_thread_in_native, id=14078, stack(0x00007fd1642ab000,0x00007fd1643ac000)]
  0x00007fd184afb000 JavaThread "Couchbase View Thread" [_thread_in_native, id=14077, stack(0x00007fd1643ac000,0x00007fd1644ad000)]
  0x00007fd184aec800 JavaThread "Memcached IO over {MemcachedConnection to li1450-75.members.linode.com/139.162.37.75:11210}" [_thread_in_native, id=14076, stack(0x00007fd1644ad000,0x00007fd1645ae000)]
  0x00007fd10800f000 JavaThread "I/O dispatcher 14" [_thread_in_native, id=14075, stack(0x00007fd1645ae000,0x00007fd1646af000)]
  0x00007fd184ad5800 JavaThread "Couchbase View Thread" [_thread_in_native, id=14074, stack(0x00007fd1646af000,0x00007fd1647b0000)]
  0x00007fd184ac6800 JavaThread "Memcached IO over {MemcachedConnection to li1450-75.members.linode.com/139.162.37.75:11210}" [_thread_in_native, id=14073, stack(0x00007fd1647b0000,0x00007fd1648b1000)]
  0x00007fd0f402e800 JavaThread "I/O dispatcher 13" [_thread_in_native, id=14072, stack(0x00007fd1648b1000,0x00007fd1649b2000)]
  0x00007fd184ab0000 JavaThread "Couchbase View Thread" [_thread_in_native, id=14071, stack(0x00007fd1649b2000,0x00007fd164ab3000)]
  0x00007fd184aa1000 JavaThread "Memcached IO over {MemcachedConnection to li1450-75.members.linode.com/139.162.37.75:11210}" [_thread_in_native, id=14070, stack(0x00007fd164ab3000,0x00007fd164bb4000)]
  0x00007fd0f000f800 JavaThread "I/O dispatcher 12" [_thread_in_native, id=14069, stack(0x00007fd164bb4000,0x00007fd164cb5000)]
  0x00007fd184a8a000 JavaThread "Couchbase View Thread" [_thread_in_native, id=14068, stack(0x00007fd164cb5000,0x00007fd164db6000)]
  0x00007fd184a7b000 JavaThread "Memcached IO over {MemcachedConnection to li1450-75.members.linode.com/139.162.37.75:11210}" [_thread_in_native, id=14067, stack(0x00007fd164db6000,0x00007fd164eb7000)]
  0x00007fd17000f800 JavaThread "I/O dispatcher 11" [_thread_in_native, id=14066, stack(0x00007fd164eb7000,0x00007fd164fb8000)]
  0x00007fd184a64000 JavaThread "Couchbase View Thread" [_thread_in_native, id=14065, stack(0x00007fd164fb8000,0x00007fd1650b9000)]
  0x00007fd184a55800 JavaThread "Memcached IO over {MemcachedConnection to li1450-75.members.linode.com/139.162.37.75:11210}" [_thread_in_native, id=14064, stack(0x00007fd1650b9000,0x00007fd1651ba000)]
  0x00007fd15800e800 JavaThread "I/O dispatcher 10" [_thread_in_native, id=14063, stack(0x00007fd1651ba000,0x00007fd1652bb000)]
  0x00007fd184a3e800 JavaThread "Couchbase View Thread" [_thread_in_native, id=14062, stack(0x00007fd1652bb000,0x00007fd1653bc000)]
  0x00007fd184a30000 JavaThread "Memcached IO over {MemcachedConnection to li1450-75.members.linode.com/139.162.37.75:11210}" [_thread_in_native, id=14061, stack(0x00007fd1653bc000,0x00007fd1654bd000)]
  0x00007fd14400e800 JavaThread "I/O dispatcher 9" [_thread_in_native, id=14060, stack(0x00007fd1654bd000,0x00007fd1655be000)]
  0x00007fd184a19000 JavaThread "Couchbase View Thread" [_thread_in_native, id=14059, stack(0x00007fd1655be000,0x00007fd1656bf000)]
  0x00007fd184a0a800 JavaThread "Memcached IO over {MemcachedConnection to li1450-75.members.linode.com/139.162.37.75:11210}" [_thread_in_native, id=14058, stack(0x00007fd1656bf000,0x00007fd1657c0000)]
  0x00007fd14004e800 JavaThread "I/O dispatcher 8" [_thread_in_native, id=14057, stack(0x00007fd1657c0000,0x00007fd1658c1000)]
  0x00007fd1849f3800 JavaThread "Couchbase View Thread" [_thread_in_native, id=14056, stack(0x00007fd1658c1000,0x00007fd1659c2000)]
  0x00007fd1849e5000 JavaThread "Memcached IO over {MemcachedConnection to li1450-75.members.linode.com/139.162.37.75:11210}" [_thread_in_native, id=14055, stack(0x00007fd1659c2000,0x00007fd165ac3000)]
  0x00007fd12c0e7000 JavaThread "I/O dispatcher 7" [_thread_in_native, id=14054, stack(0x00007fd165ac3000,0x00007fd165bc4000)]
  0x00007fd1849ce000 JavaThread "Couchbase View Thread" [_thread_in_native, id=14053, stack(0x00007fd165bc4000,0x00007fd165cc5000)]
  0x00007fd1849bf800 JavaThread "Memcached IO over {MemcachedConnection to li1450-75.members.linode.com/139.162.37.75:11210}" [_thread_in_native, id=14052, stack(0x00007fd165cc5000,0x00007fd165dc6000)]
  0x00007fd12800e800 JavaThread "I/O dispatcher 6" [_thread_in_native, id=14051, stack(0x00007fd165dc6000,0x00007fd165ec7000)]
  0x00007fd1849a9000 JavaThread "Couchbase View Thread" [_thread_in_native, id=14050, stack(0x00007fd165ec7000,0x00007fd165fc8000)]
  0x00007fd18499a000 JavaThread "Memcached IO over {MemcachedConnection to li1450-75.members.linode.com/139.162.37.75:11210}" [_thread_in_native, id=14049, stack(0x00007fd165fc8000,0x00007fd1660c9000)]
  0x00007fd11400e800 JavaThread "I/O dispatcher 5" [_thread_in_native, id=14048, stack(0x00007fd1660c9000,0x00007fd1661ca000)]
  0x00007fd184983800 JavaThread "Couchbase View Thread" [_thread_in_native, id=14047, stack(0x00007fd1661ca000,0x00007fd1662cb000)]
  0x00007fd184975000 JavaThread "Memcached IO over {MemcachedConnection to li1450-75.members.linode.com/139.162.37.75:11210}" [_thread_in_native, id=14046, stack(0x00007fd1662cb000,0x00007fd1663cc000)]
  0x00007fd11000e800 JavaThread "I/O dispatcher 4" [_thread_in_native, id=14045, stack(0x00007fd1663cc000,0x00007fd1664cd000)]
  0x00007fd18495e800 JavaThread "Couchbase View Thread" [_thread_in_native, id=14044, stack(0x00007fd1664cd000,0x00007fd1665ce000)]
  0x00007fd184950000 JavaThread "Memcached IO over {MemcachedConnection to li1450-75.members.linode.com/139.162.37.75:11210}" [_thread_in_native, id=14043, stack(0x00007fd1665ce000,0x00007fd1666cf000)]
  0x00007fd0fc00e800 JavaThread "I/O dispatcher 3" [_thread_in_native, id=14042, stack(0x00007fd1666cf000,0x00007fd1667d0000)]
  0x00007fd1848ef800 JavaThread "Couchbase View Thread" [_thread_in_native, id=14041, stack(0x00007fd1667d0000,0x00007fd1668d1000)]
  0x00007fd1848ee800 JavaThread "Memcached IO over {MemcachedConnection to li1450-75.members.linode.com/139.162.37.75:11210}" [_thread_in_native, id=14040, stack(0x00007fd1668d1000,0x00007fd1669d2000)]
  0x00007fd0f8005800 JavaThread "I/O dispatcher 2" [_thread_in_native, id=14039, stack(0x00007fd1669d2000,0x00007fd166ad3000)]
  0x00007fd1848ed800 JavaThread "Couchbase View Thread" [_thread_in_native, id=14038, stack(0x00007fd166ad3000,0x00007fd166bd4000)]
  0x0000000001b06800 JavaThread "I/O dispatcher 1" [_thread_in_native, id=14037, stack(0x00007fd166bd4000,0x00007fd166cd5000)]
  0x00007fd1848f1000 JavaThread "Memcached IO over {MemcachedConnection to li1450-75.members.linode.com/139.162.37.75:11210}" [_thread_in_native, id=14036, stack(0x00007fd166cd5000,0x00007fd166dd6000)]
  0x00007fd1848d5800 JavaThread "Couchbase View Thread" [_thread_in_native, id=14035, stack(0x00007fd166dd6000,0x00007fd166ed7000)]
  0x00007fd1848ac800 JavaThread "Memcached IO over {MemcachedConnection to li1450-75.members.linode.com/139.162.37.75:11210}" [_thread_in_native, id=14034, stack(0x00007fd1670d7000,0x00007fd1671d8000)]
  0x00007fd0f8001000 JavaThread "Hashed wheel timer #1" [_thread_blocked, id=14033, stack(0x00007fd1671d8000,0x00007fd1672d9000)]
  0x00007fd184801000 JavaThread "New I/O boss #2" [_thread_in_native, id=14032, stack(0x00007fd1672d9000,0x00007fd1673da000)]
  0x00007fd1847fb800 JavaThread "New I/O worker #1" [_thread_in_native, id=14031, stack(0x00007fd1673da000,0x00007fd1674db000)]
  0x00007fd1844c0000 JavaThread "org.eclipse.jetty.server.session.HashSessionManager@7f010382Timer" daemon [_thread_blocked, id=14028, stack(0x00007fd16c651000,0x00007fd16c752000)]
  0x00007fd1843a3800 JavaThread "qtp1547425104-21" [_thread_blocked, id=14027, stack(0x00007fd16cb7a000,0x00007fd16cc7b000)]
  0x00007fd1843a2000 JavaThread "qtp1547425104-20" [_thread_blocked, id=14026, stack(0x00007fd16cc7b000,0x00007fd16cd7c000)]
  0x00007fd1843a0000 JavaThread "qtp1547425104-19" [_thread_blocked, id=14025, stack(0x00007fd16cd7c000,0x00007fd16ce7d000)]
  0x00007fd18439e800 JavaThread "qtp1547425104-18" [_thread_in_native, id=14024, stack(0x00007fd16ce7d000,0x00007fd16cf7e000)]
  0x00007fd18439c800 JavaThread "qtp1547425104-17" [_thread_blocked, id=14023, stack(0x00007fd16cf7e000,0x00007fd16d07f000)]
  0x00007fd18439b000 JavaThread "qtp1547425104-16" [_thread_blocked, id=14022, stack(0x00007fd16d07f000,0x00007fd16d180000)]
  0x00007fd184399800 JavaThread "qtp1547425104-15" [_thread_in_native, id=14021, stack(0x00007fd16d180000,0x00007fd16d281000)]
  0x00007fd184399000 JavaThread "qtp1547425104-14" [_thread_blocked, id=14020, stack(0x00007fd16d281000,0x00007fd16d382000)]
  0x00007fd1841a2000 JavaThread "Service Thread" daemon [_thread_blocked, id=14017, stack(0x00007fd16da09000,0x00007fd16db0a000)]
  0x00007fd184196000 JavaThread "C1 CompilerThread2" daemon [_thread_blocked, id=14016, stack(0x00007fd16db0a000,0x00007fd16dc0b000)]
  0x00007fd184194000 JavaThread "C2 CompilerThread1" daemon [_thread_blocked, id=14015, stack(0x00007fd16dc0b000,0x00007fd16dd0c000)]
  0x00007fd184191000 JavaThread "C2 CompilerThread0" daemon [_thread_blocked, id=14014, stack(0x00007fd16dd0c000,0x00007fd16de0d000)]
  0x00007fd18418f000 JavaThread "JDWP Event Helper Thread" daemon [_thread_blocked, id=14012, stack(0x00007fd16df0e000,0x00007fd16e00f000)]
  0x00007fd18417f000 JavaThread "Signal Dispatcher" daemon [_thread_blocked, id=14008, stack(0x00007fd16e314000,0x00007fd16e415000)]
  0x00007fd18414d800 JavaThread "Finalizer" daemon [_thread_blocked, id=14007, stack(0x00007fd16e415000,0x00007fd16e516000)]
  0x00007fd184149000 JavaThread "Reference Handler" daemon [_thread_blocked, id=14006, stack(0x00007fd16e516000,0x00007fd16e617000)]

Other Threads:
  0x00007fd184141000 VMThread [stack: 0x00007fd16e617000,0x00007fd16e718000] [id=14005]
  0x00007fd1841a4800 WatcherThread [stack: 0x00007fd16d908000,0x00007fd16da09000] [id=14018]

VM state:not at safepoint (normal execution)

VM Mutex/Monitor currently owned by a thread: None

Heap:
 PSYoungGen      total 76800K, used 35592K [0x0000000781d80000, 0x0000000787380000, 0x00000007c0000000)
  eden space 69120K, 40% used [0x0000000781d80000,0x00000007838c2938,0x0000000786100000)
  from space 7680K, 99% used [0x0000000786c00000,0x000000078737f750,0x0000000787380000)
  to   space 7680K, 0% used [0x0000000786480000,0x0000000786480000,0x0000000786c00000)
 ParOldGen       total 81920K, used 9205K [0x0000000705800000, 0x000000070a800000, 0x0000000781d80000)
  object space 81920K, 11% used [0x0000000705800000,0x00000007060fd608,0x000000070a800000)
 Metaspace       used 28180K, capacity 28476K, committed 28800K, reserved 1075200K
  class space    used 3300K, capacity 3390K, committed 3456K, reserved 1048576K

Card table byte_map: [0x00007fd174a2b000,0x00007fd175000000] byte_map_base: 0x00007fd1711ff000

Marking Bits: (ParMarkBitMap*) 0x00007fd18b6b3120
 Begin Bits: [0x00007fd1522c0000, 0x00007fd155160000)
 End Bits:   [0x00007fd155160000, 0x00007fd158000000)

Polling page: 0x00007fd18c2fc000

CodeCache: size=245760Kb used=9345Kb max_used=10341Kb free=236414Kb
 bounds [0x00007fd175000000, 0x00007fd175a50000, 0x00007fd184000000]
 total_blobs=2955 nmethods=2527 adapters=349
 compilation: enabled

Compilation events (10 events):
Event: 502.335 Thread 0x00007fd184194000 2854  s    4       net.spy.memcached.protocol.BaseOperationImpl::transitionState (76 bytes)
Event: 502.359 Thread 0x00007fd184194000 nmethod 2854 0x00007fd17515eed0 code [0x00007fd17515f100, 0x00007fd175160328]
Event: 513.997 Thread 0x00007fd184191000 2855       4       java.util.ArrayList::clear (39 bytes)
Event: 513.999 Thread 0x00007fd184191000 nmethod 2855 0x00007fd1759fd150 code [0x00007fd1759fd2a0, 0x00007fd1759fd3d8]
Event: 529.297 Thread 0x00007fd184194000 2856       4       java.util.concurrent.locks.ReentrantReadWriteLock$Sync::tryAcquire (92 bytes)
Event: 529.298 Thread 0x00007fd184194000 nmethod 2856 0x00007fd175231690 code [0x00007fd1752317e0, 0x00007fd1752318d8]
Event: 539.398 Thread 0x00007fd184191000 2857   !   4       org.jboss.netty.util.HashedWheelTimer$Worker::waitForNextTick (115 bytes)
Event: 539.400 Thread 0x00007fd184191000 nmethod 2857 0x00007fd175168fd0 code [0x00007fd175169140, 0x00007fd1751693c8]
Event: 539.498 Thread 0x00007fd184191000 2858   !   4       org.jboss.netty.util.HashedWheelTimer$Worker::fetchExpiredTimeouts (100 bytes)
Event: 539.519 Thread 0x00007fd184191000 nmethod 2858 0x00007fd175173a50 code [0x00007fd175173c80, 0x00007fd1751748e8]

GC Heap History (10 events):
Event: 1.814 GC heap before
{Heap before GC invocations=1 (full 0):
 PSYoungGen      total 56320K, used 48640K [0x0000000781d80000, 0x0000000785c00000, 0x00000007c0000000)
  eden space 48640K, 100% used [0x0000000781d80000,0x0000000784d00000,0x0000000784d00000)
  from space 7680K, 0% used [0x0000000785480000,0x0000000785480000,0x0000000785c00000)
  to   space 7680K, 0% used [0x0000000784d00000,0x0000000784d00000,0x0000000785480000)
 ParOldGen       total 128512K, used 0K [0x0000000705800000, 0x000000070d580000, 0x0000000781d80000)
  object space 128512K, 0% used [0x0000000705800000,0x0000000705800000,0x000000070d580000)
 Metaspace       used 19598K, capacity 19780K, committed 20096K, reserved 1067008K
  class space    used 2285K, capacity 2366K, committed 2432K, reserved 1048576K
Event: 1.827 GC heap after
Heap after GC invocations=1 (full 0):
 PSYoungGen      total 56320K, used 7676K [0x0000000781d80000, 0x0000000785c00000, 0x00000007c0000000)
  eden space 48640K, 0% used [0x0000000781d80000,0x0000000781d80000,0x0000000784d00000)
  from space 7680K, 99% used [0x0000000784d00000,0x000000078547f388,0x0000000785480000)
  to   space 7680K, 0% used [0x0000000785480000,0x0000000785480000,0x0000000785c00000)
 ParOldGen       total 128512K, used 3740K [0x0000000705800000, 0x000000070d580000, 0x0000000781d80000)
  object space 128512K, 2% used [0x0000000705800000,0x0000000705ba70b0,0x000000070d580000)
 Metaspace       used 19598K, capacity 19780K, committed 20096K, reserved 1067008K
  class space    used 2285K, capacity 2366K, committed 2432K, reserved 1048576K
}
Event: 2.102 GC heap before
{Heap before GC invocations=2 (full 0):
 PSYoungGen      total 56320K, used 20096K [0x0000000781d80000, 0x0000000785c00000, 0x00000007c0000000)
  eden space 48640K, 25% used [0x0000000781d80000,0x00000007829a0f68,0x0000000784d00000)
  from space 7680K, 99% used [0x0000000784d00000,0x000000078547f388,0x0000000785480000)
  to   space 7680K, 0% used [0x0000000785480000,0x0000000785480000,0x0000000785c00000)
 ParOldGen       total 128512K, used 3740K [0x0000000705800000, 0x000000070d580000, 0x0000000781d80000)
  object space 128512K, 2% used [0x0000000705800000,0x0000000705ba70b0,0x000000070d580000)
 Metaspace       used 20962K, capacity 21124K, committed 21248K, reserved 1069056K
  class space    used 2475K, capacity 2558K, committed 2560K, reserved 1048576K
Event: 2.110 GC heap after
Heap after GC invocations=2 (full 0):
 PSYoungGen      total 56320K, used 5004K [0x0000000781d80000, 0x0000000788b80000, 0x00000007c0000000)
  eden space 48640K, 0% used [0x0000000781d80000,0x0000000781d80000,0x0000000784d00000)
  from space 7680K, 65% used [0x0000000785480000,0x00000007859633c0,0x0000000785c00000)
  to   space 7680K, 0% used [0x0000000784d00000,0x0000000784d00000,0x0000000785480000)
 ParOldGen       total 128512K, used 3748K [0x0000000705800000, 0x000000070d580000, 0x0000000781d80000)
  object space 128512K, 2% used [0x0000000705800000,0x0000000705ba90b0,0x000000070d580000)
 Metaspace       used 20962K, capacity 21124K, committed 21248K, reserved 1069056K
  class space    used 2475K, capacity 2558K, committed 2560K, reserved 1048576K
}
Event: 2.110 GC heap before
{Heap before GC invocations=3 (full 1):
 PSYoungGen      total 56320K, used 5004K [0x0000000781d80000, 0x0000000788b80000, 0x00000007c0000000)
  eden space 48640K, 0% used [0x0000000781d80000,0x0000000781d80000,0x0000000784d00000)
  from space 7680K, 65% used [0x0000000785480000,0x00000007859633c0,0x0000000785c00000)
  to   space 7680K, 0% used [0x0000000784d00000,0x0000000784d00000,0x0000000785480000)
 ParOldGen       total 128512K, used 3748K [0x0000000705800000, 0x000000070d580000, 0x0000000781d80000)
  object space 128512K, 2% used [0x0000000705800000,0x0000000705ba90b0,0x000000070d580000)
 Metaspace       used 20962K, capacity 21124K, committed 21248K, reserved 1069056K
  class space    used 2475K, capacity 2558K, committed 2560K, reserved 1048576K
Event: 2.141 GC heap after
Heap after GC invocations=3 (full 1):
 PSYoungGen      total 56320K, used 0K [0x0000000781d80000, 0x0000000788b80000, 0x00000007c0000000)
  eden space 48640K, 0% used [0x0000000781d80000,0x0000000781d80000,0x0000000784d00000)
  from space 7680K, 0% used [0x0000000785480000,0x0000000785480000,0x0000000785c00000)
  to   space 7680K, 0% used [0x0000000784d00000,0x0000000784d00000,0x0000000785480000)
 ParOldGen       total 81920K, used 5351K [0x0000000705800000, 0x000000070a800000, 0x0000000781d80000)
  object space 81920K, 6% used [0x0000000705800000,0x0000000705d39c18,0x000000070a800000)
 Metaspace       used 20962K, capacity 21124K, committed 21248K, reserved 1069056K
  class space    used 2475K, capacity 2558K, committed 2560K, reserved 1048576K
}
Event: 2.766 GC heap before
{Heap before GC invocations=4 (full 1):
 PSYoungGen      total 56320K, used 48640K [0x0000000781d80000, 0x0000000788b80000, 0x00000007c0000000)
  eden space 48640K, 100% used [0x0000000781d80000,0x0000000784d00000,0x0000000784d00000)
  from space 7680K, 0% used [0x0000000785480000,0x0000000785480000,0x0000000785c00000)
  to   space 7680K, 0% used [0x0000000784d00000,0x0000000784d00000,0x0000000785480000)
 ParOldGen       total 81920K, used 5351K [0x0000000705800000, 0x000000070a800000, 0x0000000781d80000)
  object space 81920K, 6% used [0x0000000705800000,0x0000000705d39c18,0x000000070a800000)
 Metaspace       used 22979K, capacity 23170K, committed 23552K, reserved 1071104K
  class space    used 2651K, capacity 2723K, committed 2816K, reserved 1048576K
Event: 2.771 GC heap after
Heap after GC invocations=4 (full 1):
 PSYoungGen      total 56320K, used 4372K [0x0000000781d80000, 0x0000000787380000, 0x00000007c0000000)
  eden space 48640K, 0% used [0x0000000781d80000,0x0000000781d80000,0x0000000784d00000)
  from space 7680K, 56% used [0x0000000784d00000,0x0000000785145130,0x0000000785480000)
  to   space 7680K, 0% used [0x0000000786c00000,0x0000000786c00000,0x0000000787380000)
 ParOldGen       total 81920K, used 5359K [0x0000000705800000, 0x000000070a800000, 0x0000000781d80000)
  object space 81920K, 6% used [0x0000000705800000,0x0000000705d3bc18,0x000000070a800000)
 Metaspace       used 22979K, capacity 23170K, committed 23552K, reserved 1071104K
  class space    used 2651K, capacity 2723K, committed 2816K, reserved 1048576K
}
Event: 20.334 GC heap before
{Heap before GC invocations=5 (full 1):
 PSYoungGen      total 56320K, used 53012K [0x0000000781d80000, 0x0000000787380000, 0x00000007c0000000)
  eden space 48640K, 100% used [0x0000000781d80000,0x0000000784d00000,0x0000000784d00000)
  from space 7680K, 56% used [0x0000000784d00000,0x0000000785145130,0x0000000785480000)
  to   space 7680K, 0% used [0x0000000786c00000,0x0000000786c00000,0x0000000787380000)
 ParOldGen       total 81920K, used 5359K [0x0000000705800000, 0x000000070a800000, 0x0000000781d80000)
  object space 81920K, 6% used [0x0000000705800000,0x0000000705d3bc18,0x000000070a800000)
 Metaspace       used 27445K, capacity 27740K, committed 27904K, reserved 1073152K
  class space    used 3210K, capacity 3294K, committed 3328K, reserved 1048576K
Event: 20.345 GC heap after
Heap after GC invocations=5 (full 1):
 PSYoungGen      total 76800K, used 7677K [0x0000000781d80000, 0x0000000787380000, 0x00000007c0000000)
  eden space 69120K, 0% used [0x0000000781d80000,0x0000000781d80000,0x0000000786100000)
  from space 7680K, 99% used [0x0000000786c00000,0x000000078737f750,0x0000000787380000)
  to   space 7680K, 0% used [0x0000000786480000,0x0000000786480000,0x0000000786c00000)
 ParOldGen       total 81920K, used 9205K [0x0000000705800000, 0x000000070a800000, 0x0000000781d80000)
  object space 81920K, 11% used [0x0000000705800000,0x00000007060fd608,0x000000070a800000)
 Metaspace       used 27445K, capacity 27740K, committed 27904K, reserved 1073152K
  class space    used 3210K, capacity 3294K, committed 3328K, reserved 1048576K
}

Deoptimization events (10 events):
Event: 3.332 Thread 0x00007fd18400c000 Uncommon trap: reason=unstable_if action=reinterpret pc=0x00007fd1756e3bf4 method=java.lang.Class.searchMethods([Ljava/lang/reflect/Method;Ljava/lang/String;[Ljava/lang/Class;)Ljava/lang/reflect/Method; @ 47
Event: 3.351 Thread 0x00007fd18400c000 Uncommon trap: reason=unstable_if action=reinterpret pc=0x00007fd1756e2474 method=org.eclipse.jetty.webapp.ClasspathPattern.match(Ljava/lang/String;)Z @ 55
Event: 3.385 Thread 0x00007fd18400c000 Uncommon trap: reason=bimorphic action=maybe_recompile pc=0x00007fd1757d0508 method=java.util.HashMap.putVal(ILjava/lang/Object;Ljava/lang/Object;ZZ)Ljava/lang/Object; @ 203
Event: 3.510 Thread 0x00007fd18400c000 Uncommon trap: reason=unstable_if action=reinterpret pc=0x00007fd17571bb78 method=java.lang.Class$MethodArray.addIfNotPresent(Ljava/lang/reflect/Method;)V @ 19
Event: 20.388 Thread 0x00007fd18439c800 Uncommon trap: reason=unstable_if action=reinterpret pc=0x00007fd175257488 method=java.lang.AbstractStringBuilder.append(Ljava/lang/String;)Ljava/lang/AbstractStringBuilder; @ 1
Event: 20.393 Thread 0x00007fd18439c800 Uncommon trap: reason=class_check action=maybe_recompile pc=0x00007fd175745df4 method=java.util.AbstractList$Itr.hasNext()Z @ 8
Event: 20.393 Thread 0x00007fd18439c800 Uncommon trap: reason=class_check action=maybe_recompile pc=0x00007fd1757ffc68 method=java.util.AbstractList$Itr.next()Ljava/lang/Object; @ 14
Event: 20.393 Thread 0x00007fd18439c800 Uncommon trap: reason=class_check action=maybe_recompile pc=0x00007fd175745df4 method=java.util.AbstractList$Itr.hasNext()Z @ 8
Event: 20.396 Thread 0x00007fd18439c800 Uncommon trap: reason=unstable_if action=reinterpret pc=0x00007fd17574dfd0 method=java.util.HashMap.hash(Ljava/lang/Object;)I @ 1
Event: 542.071 Thread 0x00007fd18439b000 Uncommon trap: reason=unloaded action=reinterpret pc=0x00007fd175183860 method=java.nio.channels.spi.AbstractInterruptibleChannel.end(Z)V @ 41

Internal exceptions (10 events):
Event: 3.550 Thread 0x00007fd18400c000 Exception <a 'java/lang/ClassNotFoundException': org/springframework/web/servlet/view/AbstractCachingViewResolverBeanInfo> (0x00000007847938a8) thrown at [/HUDSON3/workspace/8-2-build-linux-amd64/jdk8u101/7261/hotspot/src/share/vm/classfile/systemDictiona
Event: 3.550 Thread 0x00007fd18400c000 Exception <a 'java/lang/ClassNotFoundException': org/springframework/web/servlet/view/AbstractCachingViewResolverCustomizer> (0x0000000784797470) thrown at [/HUDSON3/workspace/8-2-build-linux-amd64/jdk8u101/7261/hotspot/src/share/vm/classfile/systemDictio
Event: 3.551 Thread 0x00007fd18400c000 Exception <a 'java/lang/ClassNotFoundException': org/springframework/web/servlet/view/UrlBasedViewResolverCustomizer> (0x00000007847a5720) thrown at [/HUDSON3/workspace/8-2-build-linux-amd64/jdk8u101/7261/hotspot/src/share/vm/classfile/systemDictionary.cp
Event: 3.553 Thread 0x00007fd18400c000 Exception <a 'java/lang/ClassNotFoundException': org/springframework/web/servlet/view/InternalResourceViewResolverCustomizer> (0x00000007847bf5c8) thrown at [/HUDSON3/workspace/8-2-build-linux-amd64/jdk8u101/7261/hotspot/src/share/vm/classfile/systemDicti
Event: 3.560 Thread 0x00007fd18400c000 Exception <a 'java/lang/ClassNotFoundException': org/springframework/web/servlet/support/SessionFlashMapManagerBeanInfo> (0x000000078480a550) thrown at [/HUDSON3/workspace/8-2-build-linux-amd64/jdk8u101/7261/hotspot/src/share/vm/classfile/systemDictionary
Event: 3.560 Thread 0x00007fd18400c000 Exception <a 'java/lang/ClassNotFoundException': org/springframework/web/servlet/support/AbstractFlashMapManagerBeanInfo> (0x000000078480e150) thrown at [/HUDSON3/workspace/8-2-build-linux-amd64/jdk8u101/7261/hotspot/src/share/vm/classfile/systemDictionar
Event: 3.561 Thread 0x00007fd18400c000 Exception <a 'java/lang/ClassNotFoundException': org/springframework/web/servlet/support/AbstractFlashMapManagerCustomizer> (0x0000000784811cd0) thrown at [/HUDSON3/workspace/8-2-build-linux-amd64/jdk8u101/7261/hotspot/src/share/vm/classfile/systemDiction
Event: 3.561 Thread 0x00007fd18400c000 Exception <a 'java/lang/ClassNotFoundException': org/springframework/web/servlet/support/SessionFlashMapManagerCustomizer> (0x000000078481d568) thrown at [/HUDSON3/workspace/8-2-build-linux-amd64/jdk8u101/7261/hotspot/src/share/vm/classfile/systemDictiona
Event: 20.388 Thread 0x00007fd18439c800 Implicit null exception at 0x00007fd175256f79 to 0x00007fd17525746d
Event: 20.396 Thread 0x00007fd18439c800 Implicit null exception at 0x00007fd17574dcb4 to 0x00007fd17574dfb9

Events (10 events):
Event: 542.063 loading class java/util/IdentityHashMap$KeySet
Event: 542.063 loading class java/util/IdentityHashMap$KeySet done
Event: 542.063 loading class java/util/IdentityHashMap$KeyIterator
Event: 542.064 loading class java/util/IdentityHashMap$KeyIterator done
Event: 542.070 Thread 0x00007fd13c00a800 Thread added: 0x00007fd13c00a800
Event: 542.071 Thread 0x00007fd18439b000 Uncommon trap: trap_request=0x00000010 fr.pc=0x00007fd175183860
Event: 542.071 Thread 0x00007fd18439b000 DEOPT PACKING pc=0x00007fd175183860 sp=0x00007fd16d17e480
Event: 542.071 Thread 0x00007fd18439b000 DEOPT UNPACKING pc=0x00007fd175005229 sp=0x00007fd16d17e478 mode 2
Event: 542.071 loading class org/eclipse/jetty/util/FutureCallback
Event: 542.071 loading class org/eclipse/jetty/util/FutureCallback done


Dynamic libraries:
00400000-00401000 r-xp 00000000 08:06 14300089                           /usr/lib/jvm/java-8-oracle/bin/java
00600000-00601000 rw-p 00000000 08:06 14300089                           /usr/lib/jvm/java-8-oracle/bin/java
01b02000-01b23000 rw-p 00000000 00:00 0                                  [heap]
705800000-70a800000 rw-p 00000000 00:00 0 
70a800000-781d80000 ---p 00000000 00:00 0 
781d80000-787380000 rw-p 00000000 00:00 0 
787380000-7c0000000 ---p 00000000 00:00 0 
7c0000000-7c0360000 rw-p 00000000 00:00 0 
7c0360000-800000000 ---p 00000000 00:00 0 
7fd0ec000000-7fd0ec29c000 rw-p 00000000 00:00 0 
7fd0ec29c000-7fd0f0000000 ---p 00000000 00:00 0 
7fd0f0000000-7fd0f0021000 rw-p 00000000 00:00 0 
7fd0f0021000-7fd0f4000000 ---p 00000000 00:00 0 
7fd0f4000000-7fd0f403e000 rw-p 00000000 00:00 0 
7fd0f403e000-7fd0f8000000 ---p 00000000 00:00 0 
7fd0f8000000-7fd0f8021000 rw-p 00000000 00:00 0 
7fd0f8021000-7fd0fc000000 ---p 00000000 00:00 0 
7fd0fc000000-7fd0fc021000 rw-p 00000000 00:00 0 
7fd0fc021000-7fd100000000 ---p 00000000 00:00 0 
7fd100000000-7fd100021000 rw-p 00000000 00:00 0 
7fd100021000-7fd104000000 ---p 00000000 00:00 0 
7fd104000000-7fd104021000 rw-p 00000000 00:00 0 
7fd104021000-7fd108000000 ---p 00000000 00:00 0 
7fd108000000-7fd108021000 rw-p 00000000 00:00 0 
7fd108021000-7fd10c000000 ---p 00000000 00:00 0 
7fd10c000000-7fd10c021000 rw-p 00000000 00:00 0 
7fd10c021000-7fd110000000 ---p 00000000 00:00 0 
7fd110000000-7fd110021000 rw-p 00000000 00:00 0 
7fd110021000-7fd114000000 ---p 00000000 00:00 0 
7fd114000000-7fd114021000 rw-p 00000000 00:00 0 
7fd114021000-7fd118000000 ---p 00000000 00:00 0 
7fd118000000-7fd118021000 rw-p 00000000 00:00 0 
7fd118021000-7fd11c000000 ---p 00000000 00:00 0 
7fd11c000000-7fd11c0eb000 rw-p 00000000 00:00 0 
7fd11c0eb000-7fd120000000 ---p 00000000 00:00 0 
7fd120000000-7fd120021000 rw-p 00000000 00:00 0 
7fd120021000-7fd124000000 ---p 00000000 00:00 0 
7fd124000000-7fd124021000 rw-p 00000000 00:00 0 
7fd124021000-7fd128000000 ---p 00000000 00:00 0 
7fd128000000-7fd128021000 rw-p 00000000 00:00 0 
7fd128021000-7fd12c000000 ---p 00000000 00:00 0 
7fd12c000000-7fd12f91b000 rw-p 00000000 00:00 0 
7fd12f91b000-7fd130000000 ---p 00000000 00:00 0 
7fd130000000-7fd1308ac000 rw-p 00000000 00:00 0 
7fd1308ac000-7fd134000000 ---p 00000000 00:00 0 
7fd134000000-7fd13429e000 rw-p 00000000 00:00 0 
7fd13429e000-7fd138000000 ---p 00000000 00:00 0 
7fd138000000-7fd13bdd7000 rw-p 00000000 00:00 0 
7fd13bdd7000-7fd13c000000 ---p 00000000 00:00 0 
7fd13c000000-7fd13c021000 rw-p 00000000 00:00 0 
7fd13c021000-7fd140000000 ---p 00000000 00:00 0 
7fd140000000-7fd140072000 rw-p 00000000 00:00 0 
7fd140072000-7fd144000000 ---p 00000000 00:00 0 
7fd144000000-7fd144021000 rw-p 00000000 00:00 0 
7fd144021000-7fd148000000 ---p 00000000 00:00 0 
7fd148000000-7fd148021000 rw-p 00000000 00:00 0 
7fd148021000-7fd14c000000 ---p 00000000 00:00 0 
7fd14c000000-7fd14c021000 rw-p 00000000 00:00 0 
7fd14c021000-7fd150000000 ---p 00000000 00:00 0 
7fd1510b4000-7fd1510b7000 ---p 00000000 00:00 0 
7fd1510b7000-7fd151275000 rw-p 00000000 00:00 0 
7fd151275000-7fd1513b5000 ---p 00000000 00:00 0 
7fd1513b5000-7fd1513b8000 ---p 00000000 00:00 0 
7fd1513b8000-7fd1516b6000 rw-p 00000000 00:00 0 
7fd1516b6000-7fd1518b6000 rw-p 00000000 00:00 0 
7fd1518b6000-7fd1518b9000 ---p 00000000 00:00 0 
7fd1518b9000-7fd1519b7000 rw-p 00000000 00:00 0 
7fd1519b7000-7fd1519ba000 ---p 00000000 00:00 0 
7fd1519ba000-7fd151ab8000 rw-p 00000000 00:00 0 
7fd151ab8000-7fd151abb000 ---p 00000000 00:00 0 
7fd151abb000-7fd151bb9000 rw-p 00000000 00:00 0 
7fd151bb9000-7fd151bbc000 ---p 00000000 00:00 0 
7fd151bbc000-7fd151cba000 rw-p 00000000 00:00 0 
7fd151cba000-7fd151cbd000 ---p 00000000 00:00 0 
7fd151cbd000-7fd151dbb000 rw-p 00000000 00:00 0 
7fd151dbb000-7fd151dbe000 ---p 00000000 00:00 0 
7fd151dbe000-7fd151ebc000 rw-p 00000000 00:00 0 
7fd151ebc000-7fd151ebf000 ---p 00000000 00:00 0 
7fd151ebf000-7fd151fbd000 rw-p 00000000 00:00 0 
7fd151fbd000-7fd151fc0000 ---p 00000000 00:00 0 
7fd151fc0000-7fd1520be000 rw-p 00000000 00:00 0 
7fd1520be000-7fd1520c1000 ---p 00000000 00:00 0 
7fd1520c1000-7fd1521bf000 rw-p 00000000 00:00 0 
7fd1521bf000-7fd1521c2000 ---p 00000000 00:00 0 
7fd1521c2000-7fd158000000 rw-p 00000000 00:00 0 
7fd158000000-7fd158021000 rw-p 00000000 00:00 0 
7fd158021000-7fd15c000000 ---p 00000000 00:00 0 
7fd15c000000-7fd15c021000 rw-p 00000000 00:00 0 
7fd15c021000-7fd160000000 ---p 00000000 00:00 0 
7fd160000000-7fd160021000 rw-p 00000000 00:00 0 
7fd160021000-7fd164000000 ---p 00000000 00:00 0 
7fd1640a9000-7fd1640ac000 ---p 00000000 00:00 0 
7fd1640ac000-7fd1641aa000 rw-p 00000000 00:00 0 
7fd1641aa000-7fd1641ad000 ---p 00000000 00:00 0 
7fd1641ad000-7fd1642ab000 rw-p 00000000 00:00 0 
7fd1642ab000-7fd1642ae000 ---p 00000000 00:00 0 
7fd1642ae000-7fd1643ac000 rw-p 00000000 00:00 0 
7fd1643ac000-7fd1643af000 ---p 00000000 00:00 0 
7fd1643af000-7fd1644ad000 rw-p 00000000 00:00 0 
7fd1644ad000-7fd1644b0000 ---p 00000000 00:00 0 
7fd1644b0000-7fd1645ae000 rw-p 00000000 00:00 0 
7fd1645ae000-7fd1645b1000 ---p 00000000 00:00 0 
7fd1645b1000-7fd1646af000 rw-p 00000000 00:00 0 
7fd1646af000-7fd1646b2000 ---p 00000000 00:00 0 
7fd1646b2000-7fd1647b0000 rw-p 00000000 00:00 0 
7fd1647b0000-7fd1647b3000 ---p 00000000 00:00 0 
7fd1647b3000-7fd1648b1000 rw-p 00000000 00:00 0 
7fd1648b1000-7fd1648b4000 ---p 00000000 00:00 0 
7fd1648b4000-7fd1649b2000 rw-p 00000000 00:00 0 
7fd1649b2000-7fd1649b5000 ---p 00000000 00:00 0 
7fd1649b5000-7fd164ab3000 rw-p 00000000 00:00 0 
7fd164ab3000-7fd164ab6000 ---p 00000000 00:00 0 
7fd164ab6000-7fd164bb4000 rw-p 00000000 00:00 0 
7fd164bb4000-7fd164bb7000 ---p 00000000 00:00 0 
7fd164bb7000-7fd164cb5000 rw-p 00000000 00:00 0 
7fd164cb5000-7fd164cb8000 ---p 00000000 00:00 0 
7fd164cb8000-7fd164db6000 rw-p 00000000 00:00 0 
7fd164db6000-7fd164db9000 ---p 00000000 00:00 0 
7fd164db9000-7fd164eb7000 rw-p 00000000 00:00 0 
7fd164eb7000-7fd164eba000 ---p 00000000 00:00 0 
7fd164eba000-7fd164fb8000 rw-p 00000000 00:00 0 
7fd164fb8000-7fd164fbb000 ---p 00000000 00:00 0 
7fd164fbb000-7fd1650b9000 rw-p 00000000 00:00 0 
7fd1650b9000-7fd1650bc000 ---p 00000000 00:00 0 
7fd1650bc000-7fd1651ba000 rw-p 00000000 00:00 0 
7fd1651ba000-7fd1651bd000 ---p 00000000 00:00 0 
7fd1651bd000-7fd1652bb000 rw-p 00000000 00:00 0 
7fd1652bb000-7fd1652be000 ---p 00000000 00:00 0 
7fd1652be000-7fd1653bc000 rw-p 00000000 00:00 0 
7fd1653bc000-7fd1653bf000 ---p 00000000 00:00 0 
7fd1653bf000-7fd1654bd000 rw-p 00000000 00:00 0 
7fd1654bd000-7fd1654c0000 ---p 00000000 00:00 0 
7fd1654c0000-7fd1655be000 rw-p 00000000 00:00 0 
7fd1655be000-7fd1655c1000 ---p 00000000 00:00 0 
7fd1655c1000-7fd1656bf000 rw-p 00000000 00:00 0 
7fd1656bf000-7fd1656c2000 ---p 00000000 00:00 0 
7fd1656c2000-7fd1657c0000 rw-p 00000000 00:00 0 
7fd1657c0000-7fd1657c3000 ---p 00000000 00:00 0 
7fd1657c3000-7fd1658c1000 rw-p 00000000 00:00 0 
7fd1658c1000-7fd1658c4000 ---p 00000000 00:00 0 
7fd1658c4000-7fd1659c2000 rw-p 00000000 00:00 0 
7fd1659c2000-7fd1659c5000 ---p 00000000 00:00 0 
7fd1659c5000-7fd165ac3000 rw-p 00000000 00:00 0 
7fd165ac3000-7fd165ac6000 ---p 00000000 00:00 0 
7fd165ac6000-7fd165bc4000 rw-p 00000000 00:00 0 
7fd165bc4000-7fd165bc7000 ---p 00000000 00:00 0 
7fd165bc7000-7fd165cc5000 rw-p 00000000 00:00 0 
7fd165cc5000-7fd165cc8000 ---p 00000000 00:00 0 
7fd165cc8000-7fd165dc6000 rw-p 00000000 00:00 0 
7fd165dc6000-7fd165dc9000 ---p 00000000 00:00 0 
7fd165dc9000-7fd165ec7000 rw-p 00000000 00:00 0 
7fd165ec7000-7fd165eca000 ---p 00000000 00:00 0 
7fd165eca000-7fd165fc8000 rw-p 00000000 00:00 0 
7fd165fc8000-7fd165fcb000 ---p 00000000 00:00 0 
7fd165fcb000-7fd1660c9000 rw-p 00000000 00:00 0 
7fd1660c9000-7fd1660cc000 ---p 00000000 00:00 0 
7fd1660cc000-7fd1661ca000 rw-p 00000000 00:00 0 
7fd1661ca000-7fd1661cd000 ---p 00000000 00:00 0 
7fd1661cd000-7fd1662cb000 rw-p 00000000 00:00 0 
7fd1662cb000-7fd1662ce000 ---p 00000000 00:00 0 
7fd1662ce000-7fd1663cc000 rw-p 00000000 00:00 0 
7fd1663cc000-7fd1663cf000 ---p 00000000 00:00 0 
7fd1663cf000-7fd1664cd000 rw-p 00000000 00:00 0 
7fd1664cd000-7fd1664d0000 ---p 00000000 00:00 0 
7fd1664d0000-7fd1665ce000 rw-p 00000000 00:00 0 
7fd1665ce000-7fd1665d1000 ---p 00000000 00:00 0 
7fd1665d1000-7fd1666cf000 rw-p 00000000 00:00 0 
7fd1666cf000-7fd1666d2000 ---p 00000000 00:00 0 
7fd1666d2000-7fd1667d0000 rw-p 00000000 00:00 0 
7fd1667d0000-7fd1667d3000 ---p 00000000 00:00 0 
7fd1667d3000-7fd1668d1000 rw-p 00000000 00:00 0 
7fd1668d1000-7fd1668d4000 ---p 00000000 00:00 0 
7fd1668d4000-7fd1669d2000 rw-p 00000000 00:00 0 
7fd1669d2000-7fd1669d5000 ---p 00000000 00:00 0 
7fd1669d5000-7fd166ad3000 rw-p 00000000 00:00 0 
7fd166ad3000-7fd166ad6000 ---p 00000000 00:00 0 
7fd166ad6000-7fd166bd4000 rw-p 00000000 00:00 0 
7fd166bd4000-7fd166bd7000 ---p 00000000 00:00 0 
7fd166bd7000-7fd166cd5000 rw-p 00000000 00:00 0 
7fd166cd5000-7fd166cd8000 ---p 00000000 00:00 0 
7fd166cd8000-7fd166dd6000 rw-p 00000000 00:00 0 
7fd166dd6000-7fd166dd9000 ---p 00000000 00:00 0 
7fd166dd9000-7fd1670d7000 rw-p 00000000 00:00 0 
7fd1670d7000-7fd1670da000 ---p 00000000 00:00 0 
7fd1670da000-7fd1671d8000 rw-p 00000000 00:00 0 
7fd1671d8000-7fd1671db000 ---p 00000000 00:00 0 
7fd1671db000-7fd1672d9000 rw-p 00000000 00:00 0 
7fd1672d9000-7fd1672dc000 ---p 00000000 00:00 0 
7fd1672dc000-7fd1673da000 rw-p 00000000 00:00 0 
7fd1673da000-7fd1673dd000 ---p 00000000 00:00 0 
7fd1673dd000-7fd1674db000 rw-p 00000000 00:00 0 
7fd1674db000-7fd1674f2000 r-xp 00000000 08:06 4194323                    /lib/x86_64-linux-gnu/libresolv-2.19.so
7fd1674f2000-7fd1676f2000 ---p 00017000 08:06 4194323                    /lib/x86_64-linux-gnu/libresolv-2.19.so
7fd1676f2000-7fd1676f3000 r--p 00017000 08:06 4194323                    /lib/x86_64-linux-gnu/libresolv-2.19.so
7fd1676f3000-7fd1676f4000 rw-p 00018000 08:06 4194323                    /lib/x86_64-linux-gnu/libresolv-2.19.so
7fd1676f4000-7fd1676f6000 rw-p 00000000 00:00 0 
7fd1676f6000-7fd1676fb000 r-xp 00000000 08:06 4194403                    /lib/x86_64-linux-gnu/libnss_dns-2.19.so
7fd1676fb000-7fd1678fa000 ---p 00005000 08:06 4194403                    /lib/x86_64-linux-gnu/libnss_dns-2.19.so
7fd1678fa000-7fd1678fb000 r--p 00004000 08:06 4194403                    /lib/x86_64-linux-gnu/libnss_dns-2.19.so
7fd1678fb000-7fd1678fc000 rw-p 00005000 08:06 4194403                    /lib/x86_64-linux-gnu/libnss_dns-2.19.so
7fd1678fc000-7fd1678fe000 r-xp 00000000 08:06 4198589                    /lib/x86_64-linux-gnu/libnss_mdns4_minimal.so.2
7fd1678fe000-7fd167afd000 ---p 00002000 08:06 4198589                    /lib/x86_64-linux-gnu/libnss_mdns4_minimal.so.2
7fd167afd000-7fd167afe000 r--p 00001000 08:06 4198589                    /lib/x86_64-linux-gnu/libnss_mdns4_minimal.so.2
7fd167afe000-7fd167aff000 rw-p 00002000 08:06 4198589                    /lib/x86_64-linux-gnu/libnss_mdns4_minimal.so.2
7fd167aff000-7fd167b02000 ---p 00000000 00:00 0 
7fd167b02000-7fd167e00000 rw-p 00000000 00:00 0 
7fd167e00000-7fd168000000 rw-p 00000000 00:00 0 
7fd168000000-7fd168021000 rw-p 00000000 00:00 0 
7fd168021000-7fd16c000000 ---p 00000000 00:00 0 
7fd16c051000-7fd16c251000 rw-p 00000000 00:00 0 
7fd16c251000-7fd16c451000 rw-p 00000000 00:00 0 
7fd16c451000-7fd16c651000 rw-p 00000000 00:00 0 
7fd16c651000-7fd16c654000 ---p 00000000 00:00 0 
7fd16c654000-7fd16c752000 rw-p 00000000 00:00 0 
7fd16c752000-7fd16c768000 r-xp 00000000 08:06 13774987                   /usr/lib/jvm/java-8-oracle/jre/lib/amd64/libnet.so
7fd16c768000-7fd16c968000 ---p 00016000 08:06 13774987                   /usr/lib/jvm/java-8-oracle/jre/lib/amd64/libnet.so
7fd16c968000-7fd16c969000 rw-p 00016000 08:06 13774987                   /usr/lib/jvm/java-8-oracle/jre/lib/amd64/libnet.so
7fd16c969000-7fd16c97a000 r-xp 00000000 08:06 13774988                   /usr/lib/jvm/java-8-oracle/jre/lib/amd64/libnio.so
7fd16c97a000-7fd16cb79000 ---p 00011000 08:06 13774988                   /usr/lib/jvm/java-8-oracle/jre/lib/amd64/libnio.so
7fd16cb79000-7fd16cb7a000 rw-p 00010000 08:06 13774988                   /usr/lib/jvm/java-8-oracle/jre/lib/amd64/libnio.so
7fd16cb7a000-7fd16cb7d000 ---p 00000000 00:00 0 
7fd16cb7d000-7fd16cc7b000 rw-p 00000000 00:00 0 
7fd16cc7b000-7fd16cc7e000 ---p 00000000 00:00 0 
7fd16cc7e000-7fd16cd7c000 rw-p 00000000 00:00 0 
7fd16cd7c000-7fd16cd7f000 ---p 00000000 00:00 0 
7fd16cd7f000-7fd16ce7d000 rw-p 00000000 00:00 0 
7fd16ce7d000-7fd16ce80000 ---p 00000000 00:00 0 
7fd16ce80000-7fd16cf7e000 rw-p 00000000 00:00 0 
7fd16cf7e000-7fd16cf81000 ---p 00000000 00:00 0 
7fd16cf81000-7fd16d07f000 rw-p 00000000 00:00 0 
7fd16d07f000-7fd16d082000 ---p 00000000 00:00 0 
7fd16d082000-7fd16d180000 rw-p 00000000 00:00 0 
7fd16d180000-7fd16d183000 ---p 00000000 00:00 0 
7fd16d183000-7fd16d281000 rw-p 00000000 00:00 0 
7fd16d281000-7fd16d284000 ---p 00000000 00:00 0 
7fd16d284000-7fd16d382000 rw-p 00000000 00:00 0 
7fd16d382000-7fd16d38b000 r-xp 00000000 08:06 13774977                   /usr/lib/jvm/java-8-oracle/jre/lib/amd64/libmanagement.so
7fd16d38b000-7fd16d58a000 ---p 00009000 08:06 13774977                   /usr/lib/jvm/java-8-oracle/jre/lib/amd64/libmanagement.so
7fd16d58a000-7fd16d58b000 rw-p 00008000 08:06 13774977                   /usr/lib/jvm/java-8-oracle/jre/lib/amd64/libmanagement.so
7fd16d58b000-7fd16d908000 r--s 02e6a000 08:06 9051622                    /var/www/html/wizspeakv254/backend/webLayer/target/original-webLayer-1.0-SNAPSHOT.jar
7fd16d908000-7fd16d909000 ---p 00000000 00:00 0 
7fd16d909000-7fd16da09000 rw-p 00000000 00:00 0 
7fd16da09000-7fd16da0c000 ---p 00000000 00:00 0 
7fd16da0c000-7fd16db0a000 rw-p 00000000 00:00 0 
7fd16db0a000-7fd16db0d000 ---p 00000000 00:00 0 
7fd16db0d000-7fd16dc0b000 rw-p 00000000 00:00 0 
7fd16dc0b000-7fd16dc0e000 ---p 00000000 00:00 0 
7fd16dc0e000-7fd16dd0c000 rw-p 00000000 00:00 0 
7fd16dd0c000-7fd16dd0f000 ---p 00000000 00:00 0 
7fd16dd0f000-7fd16de0d000 rw-p 00000000 00:00 0 
7fd16de0d000-7fd16de10000 ---p 00000000 00:00 0 
7fd16de10000-7fd16df0e000 rw-p 00000000 00:00 0 
7fd16df0e000-7fd16df11000 ---p 00000000 00:00 0 
7fd16df11000-7fd16e00f000 rw-p 00000000 00:00 0 
7fd16e00f000-7fd16e012000 ---p 00000000 00:00 0 
7fd16e012000-7fd16e110000 rw-p 00000000 00:00 0 
7fd16e110000-7fd16e114000 r-xp 00000000 08:06 13774979                   /usr/lib/jvm/java-8-oracle/jre/lib/amd64/libdt_socket.so
7fd16e114000-7fd16e313000 ---p 00004000 08:06 13774979                   /usr/lib/jvm/java-8-oracle/jre/lib/amd64/libdt_socket.so
7fd16e313000-7fd16e314000 rw-p 00003000 08:06 13774979                   /usr/lib/jvm/java-8-oracle/jre/lib/amd64/libdt_socket.so
7fd16e314000-7fd16e317000 ---p 00000000 00:00 0 
7fd16e317000-7fd16e415000 rw-p 00000000 00:00 0 
7fd16e415000-7fd16e418000 ---p 00000000 00:00 0 
7fd16e418000-7fd16e516000 rw-p 00000000 00:00 0 
7fd16e516000-7fd16e519000 ---p 00000000 00:00 0 
7fd16e519000-7fd16e617000 rw-p 00000000 00:00 0 
7fd16e617000-7fd16e618000 ---p 00000000 00:00 0 
7fd16e618000-7fd16f627000 rw-p 00000000 00:00 0 
7fd16f627000-7fd16f800000 r--s 03d29000 08:06 13374519                   /usr/lib/jvm/java-8-oracle/jre/lib/rt.jar
7fd16f800000-7fd170000000 rw-p 00000000 00:00 0 
7fd170000000-7fd170021000 rw-p 00000000 00:00 0 
7fd170021000-7fd174000000 ---p 00000000 00:00 0 
7fd174004000-7fd174627000 rw-p 00000000 00:00 0 
7fd174627000-7fd174628000 ---p 00000000 00:00 0 
7fd174628000-7fd174728000 rw-p 00000000 00:00 0 
7fd174728000-7fd174729000 ---p 00000000 00:00 0 
7fd174729000-7fd174829000 rw-p 00000000 00:00 0 
7fd174829000-7fd17482a000 ---p 00000000 00:00 0 
7fd17482a000-7fd17492a000 rw-p 00000000 00:00 0 
7fd17492a000-7fd17492b000 ---p 00000000 00:00 0 
7fd17492b000-7fd174a53000 rw-p 00000000 00:00 0 
7fd174a53000-7fd174e0d000 ---p 00000000 00:00 0 
7fd174e0d000-7fd174e39000 rw-p 00000000 00:00 0 
7fd174e39000-7fd174fff000 ---p 00000000 00:00 0 
7fd174fff000-7fd175000000 rw-p 00000000 00:00 0 
7fd175000000-7fd175a50000 rwxp 00000000 00:00 0 
7fd175a50000-7fd184000000 ---p 00000000 00:00 0 
7fd184000000-7fd1851fa000 rw-p 00000000 00:00 0 
7fd1851fa000-7fd188000000 ---p 00000000 00:00 0 
7fd18801b000-7fd1880b9000 rw-p 00000000 00:00 0 
7fd1880b9000-7fd188474000 ---p 00000000 00:00 0 
7fd188474000-7fd18849e000 rw-p 00000000 00:00 0 
7fd18849e000-7fd188834000 ---p 00000000 00:00 0 
7fd188834000-7fd18884e000 r-xp 00000000 08:06 13774948                   /usr/lib/jvm/java-8-oracle/jre/lib/amd64/libzip.so
7fd18884e000-7fd188a4e000 ---p 0001a000 08:06 13774948                   /usr/lib/jvm/java-8-oracle/jre/lib/amd64/libzip.so
7fd188a4e000-7fd188a4f000 rw-p 0001a000 08:06 13774948                   /usr/lib/jvm/java-8-oracle/jre/lib/amd64/libzip.so
7fd188a4f000-7fd188a59000 r-xp 00000000 08:06 4198435                    /lib/x86_64-linux-gnu/libnss_files-2.19.so
7fd188a59000-7fd188c58000 ---p 0000a000 08:06 4198435                    /lib/x86_64-linux-gnu/libnss_files-2.19.so
7fd188c58000-7fd188c59000 r--p 00009000 08:06 4198435                    /lib/x86_64-linux-gnu/libnss_files-2.19.so
7fd188c59000-7fd188c5a000 rw-p 0000a000 08:06 4198435                    /lib/x86_64-linux-gnu/libnss_files-2.19.so
7fd188c5a000-7fd188c65000 r-xp 00000000 08:06 4194401                    /lib/x86_64-linux-gnu/libnss_nis-2.19.so
7fd188c65000-7fd188e64000 ---p 0000b000 08:06 4194401                    /lib/x86_64-linux-gnu/libnss_nis-2.19.so
7fd188e64000-7fd188e65000 r--p 0000a000 08:06 4194401                    /lib/x86_64-linux-gnu/libnss_nis-2.19.so
7fd188e65000-7fd188e66000 rw-p 0000b000 08:06 4194401                    /lib/x86_64-linux-gnu/libnss_nis-2.19.so
7fd188e66000-7fd188e7d000 r-xp 00000000 08:06 4194397                    /lib/x86_64-linux-gnu/libnsl-2.19.so
7fd188e7d000-7fd18907c000 ---p 00017000 08:06 4194397                    /lib/x86_64-linux-gnu/libnsl-2.19.so
7fd18907c000-7fd18907d000 r--p 00016000 08:06 4194397                    /lib/x86_64-linux-gnu/libnsl-2.19.so
7fd18907d000-7fd18907e000 rw-p 00017000 08:06 4194397                    /lib/x86_64-linux-gnu/libnsl-2.19.so
7fd18907e000-7fd189080000 rw-p 00000000 00:00 0 
7fd189080000-7fd189089000 r-xp 00000000 08:06 4194396                    /lib/x86_64-linux-gnu/libnss_compat-2.19.so
7fd189089000-7fd189288000 ---p 00009000 08:06 4194396                    /lib/x86_64-linux-gnu/libnss_compat-2.19.so
7fd189288000-7fd189289000 r--p 00008000 08:06 4194396                    /lib/x86_64-linux-gnu/libnss_compat-2.19.so
7fd189289000-7fd18928a000 rw-p 00009000 08:06 4194396                    /lib/x86_64-linux-gnu/libnss_compat-2.19.so
7fd18928a000-7fd18996c000 r--p 00000000 08:06 13245072                   /usr/lib/locale/locale-archive
7fd18996c000-7fd18996e000 r-xp 00000000 08:06 13774990                   /usr/lib/jvm/java-8-oracle/jre/lib/amd64/libnpt.so
7fd18996e000-7fd189b6e000 ---p 00002000 08:06 13774990                   /usr/lib/jvm/java-8-oracle/jre/lib/amd64/libnpt.so
7fd189b6e000-7fd189b6f000 rw-p 00002000 08:06 13774990                   /usr/lib/jvm/java-8-oracle/jre/lib/amd64/libnpt.so
7fd189b6f000-7fd189ba8000 r-xp 00000000 08:06 13774991                   /usr/lib/jvm/java-8-oracle/jre/lib/amd64/libjdwp.so
7fd189ba8000-7fd189da7000 ---p 00039000 08:06 13774991                   /usr/lib/jvm/java-8-oracle/jre/lib/amd64/libjdwp.so
7fd189da7000-7fd189da9000 rw-p 00038000 08:06 13774991                   /usr/lib/jvm/java-8-oracle/jre/lib/amd64/libjdwp.so
7fd189da9000-7fd189dd3000 r-xp 00000000 08:06 13774942                   /usr/lib/jvm/java-8-oracle/jre/lib/amd64/libjava.so
7fd189dd3000-7fd189fd3000 ---p 0002a000 08:06 13774942                   /usr/lib/jvm/java-8-oracle/jre/lib/amd64/libjava.so
7fd189fd3000-7fd189fd5000 rw-p 0002a000 08:06 13774942                   /usr/lib/jvm/java-8-oracle/jre/lib/amd64/libjava.so
7fd189fd5000-7fd189fe2000 r-xp 00000000 08:06 13774972                   /usr/lib/jvm/java-8-oracle/jre/lib/amd64/libverify.so
7fd189fe2000-7fd18a1e2000 ---p 0000d000 08:06 13774972                   /usr/lib/jvm/java-8-oracle/jre/lib/amd64/libverify.so
7fd18a1e2000-7fd18a1e4000 rw-p 0000d000 08:06 13774972                   /usr/lib/jvm/java-8-oracle/jre/lib/amd64/libverify.so
7fd18a1e4000-7fd18a1eb000 r-xp 00000000 08:06 4194405                    /lib/x86_64-linux-gnu/librt-2.19.so
7fd18a1eb000-7fd18a3ea000 ---p 00007000 08:06 4194405                    /lib/x86_64-linux-gnu/librt-2.19.so
7fd18a3ea000-7fd18a3eb000 r--p 00006000 08:06 4194405                    /lib/x86_64-linux-gnu/librt-2.19.so
7fd18a3eb000-7fd18a3ec000 rw-p 00007000 08:06 4194405                    /lib/x86_64-linux-gnu/librt-2.19.so
7fd18a3ec000-7fd18a4f1000 r-xp 00000000 08:06 4194333                    /lib/x86_64-linux-gnu/libm-2.19.so
7fd18a4f1000-7fd18a6f0000 ---p 00105000 08:06 4194333                    /lib/x86_64-linux-gnu/libm-2.19.so
7fd18a6f0000-7fd18a6f1000 r--p 00104000 08:06 4194333                    /lib/x86_64-linux-gnu/libm-2.19.so
7fd18a6f1000-7fd18a6f2000 rw-p 00105000 08:06 4194333                    /lib/x86_64-linux-gnu/libm-2.19.so
7fd18a6f2000-7fd18b3bd000 r-xp 00000000 08:06 13774961                   /usr/lib/jvm/java-8-oracle/jre/lib/amd64/server/libjvm.so
7fd18b3bd000-7fd18b5bc000 ---p 00ccb000 08:06 13774961                   /usr/lib/jvm/java-8-oracle/jre/lib/amd64/server/libjvm.so
7fd18b5bc000-7fd18b695000 rw-p 00cca000 08:06 13774961                   /usr/lib/jvm/java-8-oracle/jre/lib/amd64/server/libjvm.so
7fd18b695000-7fd18b6e0000 rw-p 00000000 00:00 0 
7fd18b6e0000-7fd18b89a000 r-xp 00000000 08:06 4194406                    /lib/x86_64-linux-gnu/libc-2.19.so
7fd18b89a000-7fd18ba9a000 ---p 001ba000 08:06 4194406                    /lib/x86_64-linux-gnu/libc-2.19.so
7fd18ba9a000-7fd18ba9e000 r--p 001ba000 08:06 4194406                    /lib/x86_64-linux-gnu/libc-2.19.so
7fd18ba9e000-7fd18baa0000 rw-p 001be000 08:06 4194406                    /lib/x86_64-linux-gnu/libc-2.19.so
7fd18baa0000-7fd18baa5000 rw-p 00000000 00:00 0 
7fd18baa5000-7fd18baa8000 r-xp 00000000 08:06 4194393                    /lib/x86_64-linux-gnu/libdl-2.19.so
7fd18baa8000-7fd18bca7000 ---p 00003000 08:06 4194393                    /lib/x86_64-linux-gnu/libdl-2.19.so
7fd18bca7000-7fd18bca8000 r--p 00002000 08:06 4194393                    /lib/x86_64-linux-gnu/libdl-2.19.so
7fd18bca8000-7fd18bca9000 rw-p 00003000 08:06 4194393                    /lib/x86_64-linux-gnu/libdl-2.19.so
7fd18bca9000-7fd18bcbe000 r-xp 00000000 08:06 14442131                   /usr/lib/jvm/java-8-oracle/lib/amd64/jli/libjli.so
7fd18bcbe000-7fd18bebe000 ---p 00015000 08:06 14442131                   /usr/lib/jvm/java-8-oracle/lib/amd64/jli/libjli.so
7fd18bebe000-7fd18bebf000 rw-p 00015000 08:06 14442131                   /usr/lib/jvm/java-8-oracle/lib/amd64/jli/libjli.so
7fd18bebf000-7fd18bed8000 r-xp 00000000 08:06 4194398                    /lib/x86_64-linux-gnu/libpthread-2.19.so
7fd18bed8000-7fd18c0d7000 ---p 00019000 08:06 4194398                    /lib/x86_64-linux-gnu/libpthread-2.19.so
7fd18c0d7000-7fd18c0d8000 r--p 00018000 08:06 4194398                    /lib/x86_64-linux-gnu/libpthread-2.19.so
7fd18c0d8000-7fd18c0d9000 rw-p 00019000 08:06 4194398                    /lib/x86_64-linux-gnu/libpthread-2.19.so
7fd18c0d9000-7fd18c0dd000 rw-p 00000000 00:00 0 
7fd18c0dd000-7fd18c100000 r-xp 00000000 08:06 4194399                    /lib/x86_64-linux-gnu/ld-2.19.so
7fd18c113000-7fd18c115000 rw-p 00000000 00:00 0 
7fd18c115000-7fd18c131000 r--s 00393000 08:06 13374491                   /usr/lib/jvm/java-8-oracle/jre/lib/ext/cldrdata.jar
7fd18c131000-7fd18c144000 r--s 00345000 08:06 13374510                   /usr/lib/jvm/java-8-oracle/jre/lib/resources.jar
7fd18c144000-7fd18c1da000 rw-p 00000000 00:00 0 
7fd18c1da000-7fd18c1dd000 ---p 00000000 00:00 0 
7fd18c1dd000-7fd18c2e0000 rw-p 00000000 00:00 0 
7fd18c2e0000-7fd18c2e5000 r--s 002f9000 08:06 13374529                   /usr/lib/jvm/java-8-oracle/jre/lib/charsets.jar
7fd18c2e5000-7fd18c2ef000 r--s 00116000 08:06 13374493                   /usr/lib/jvm/java-8-oracle/jre/lib/ext/localedata.jar
7fd18c2ef000-7fd18c2f3000 r--s 00097000 08:06 13374482                   /usr/lib/jvm/java-8-oracle/jre/lib/jsse.jar
7fd18c2f3000-7fd18c2fb000 rw-s 00000000 08:06 2361787                    /tmp/hsperfdata_jaison/13999
7fd18c2fb000-7fd18c2fc000 rw-p 00000000 00:00 0 
7fd18c2fc000-7fd18c2fd000 r--p 00000000 00:00 0 
7fd18c2fd000-7fd18c2ff000 rw-p 00000000 00:00 0 
7fd18c2ff000-7fd18c300000 r--p 00022000 08:06 4194399                    /lib/x86_64-linux-gnu/ld-2.19.so
7fd18c300000-7fd18c301000 rw-p 00023000 08:06 4194399                    /lib/x86_64-linux-gnu/ld-2.19.so
7fd18c301000-7fd18c302000 rw-p 00000000 00:00 0 
7ffdd2c71000-7ffdd2c92000 rw-p 00000000 00:00 0                          [stack]
7ffdd2caa000-7ffdd2cac000 r--p 00000000 00:00 0                          [vvar]
7ffdd2cac000-7ffdd2cae000 r-xp 00000000 00:00 0                          [vdso]
ffffffffff600000-ffffffffff601000 r-xp 00000000 00:00 0                  [vsyscall]

VM Arguments:
jvm_args: -agentlib:jdwp=transport=dt_socket,address=127.0.0.1:37173,suspend=y,server=n -Dfile.encoding=UTF-8 
java_command: /var/www/html/wizspeakv254/backend/webLayer/target/webLayer-1.0-SNAPSHOT.jar com.tecsolvent.wizspeak.WizspeakApplication
java_class_path (initial): /var/www/html/wizspeakv254/backend/webLayer/target/webLayer-1.0-SNAPSHOT.jar
Launcher Type: SUN_STANDARD

Environment Variables:
JAVA_HOME=/usr/lib/jvm/java-8-oracle/jre/
PATH=/usr/local/sbin:/usr/local/bin:/usr/sbin:/usr/bin:/sbin:/bin:/usr/games:/usr/local/games
LD_LIBRARY_PATH=/home/jaison/Documents/idea-IU-145.972.3/bin:
SHELL=/bin/bash
DISPLAY=:0

Signal Handlers:
SIGSEGV: [libjvm.so+0xac4790], sa_mask[0]=11111111011111111101111111111110, sa_flags=SA_RESTART|SA_SIGINFO
SIGBUS: [libjvm.so+0xac4790], sa_mask[0]=11111111011111111101111111111110, sa_flags=SA_RESTART|SA_SIGINFO
SIGFPE: [libjvm.so+0x91f140], sa_mask[0]=11111111011111111101111111111110, sa_flags=SA_RESTART|SA_SIGINFO
SIGPIPE: [libjvm.so+0x91f140], sa_mask[0]=11111111011111111101111111111110, sa_flags=SA_RESTART|SA_SIGINFO
SIGXFSZ: [libjvm.so+0x91f140], sa_mask[0]=11111111011111111101111111111110, sa_flags=SA_RESTART|SA_SIGINFO
SIGILL: [libjvm.so+0x91f140], sa_mask[0]=11111111011111111101111111111110, sa_flags=SA_RESTART|SA_SIGINFO
SIGUSR1: SIG_DFL, sa_mask[0]=00000000000000000000000000000000, sa_flags=none
SIGUSR2: [libjvm.so+0x920770], sa_mask[0]=00100000000000000000000000000000, sa_flags=SA_RESTART|SA_SIGINFO
SIGHUP: [libjvm.so+0x921b70], sa_mask[0]=11111111011111111101111111111110, sa_flags=SA_RESTART|SA_SIGINFO
SIGINT: [libjvm.so+0x921b70], sa_mask[0]=11111111011111111101111111111110, sa_flags=SA_RESTART|SA_SIGINFO
SIGTERM: [libjvm.so+0x921b70], sa_mask[0]=11111111011111111101111111111110, sa_flags=SA_RESTART|SA_SIGINFO
SIGQUIT: [libjvm.so+0x921b70], sa_mask[0]=11111111011111111101111111111110, sa_flags=SA_RESTART|SA_SIGINFO


---------------  S Y S T E M  ---------------

OS:DISTRIB_ID=Ubuntu
DISTRIB_RELEASE=14.04
DISTRIB_CODENAME=trusty
DISTRIB_DESCRIPTION="Ubuntu 14.04.5 LTS"

uname:Linux 4.4.0-38-generic #57~14.04.1-Ubuntu SMP Tue Sep 6 17:20:43 UTC 2016 x86_64
libc:glibc 2.19 NPTL 2.19 
rlimit: STACK 8192k, CORE 0k, NPROC 47648, NOFILE 4096, AS infinity
load average:1.30 0.80 1.75

/proc/meminfo:
MemTotal:       12222304 kB
MemFree:         3127916 kB
MemAvailable:    6127496 kB
Buffers:          332516 kB
Cached:          3315804 kB
SwapCached:            0 kB
Active:          6834516 kB
Inactive:        1801504 kB
Active(anon):    4998148 kB
Inactive(anon):   573320 kB
Active(file):    1836368 kB
Inactive(file):  1228184 kB
Unevictable:          96 kB
Mlocked:              96 kB
SwapTotal:       4110332 kB
SwapFree:        4110332 kB
Dirty:             57956 kB
Writeback:             0 kB
AnonPages:       4988144 kB
Mapped:           767332 kB
Shmem:            583616 kB
Slab:             304188 kB
SReclaimable:     259184 kB
SUnreclaim:        45004 kB
KernelStack:       15280 kB
PageTables:        60580 kB
NFS_Unstable:          0 kB
Bounce:                0 kB
WritebackTmp:          0 kB
CommitLimit:    10221484 kB
Committed_AS:   12516940 kB
VmallocTotal:   34359738367 kB
VmallocUsed:           0 kB
VmallocChunk:          0 kB
HardwareCorrupted:     0 kB
AnonHugePages:   2932736 kB
CmaTotal:              0 kB
CmaFree:               0 kB
HugePages_Total:       0
HugePages_Free:        0
HugePages_Rsvd:        0
HugePages_Surp:        0
Hugepagesize:       2048 kB
DirectMap4k:      184896 kB
DirectMap2M:    10219520 kB
DirectMap1G:     3145728 kB


CPU:total 4 (2 cores per cpu, 2 threads per core) family 6 model 61 stepping 4, cmov, cx8, fxsr, mmx, sse, sse2, sse3, ssse3, sse4.1, sse4.2, popcnt, avx, avx2, aes, clmul, erms, 3dnowpref, lzcnt, ht, tsc, tscinvbit, bmi1, bmi2, adx

/proc/cpuinfo:
processor	: 0
vendor_id	: GenuineIntel
cpu family	: 6
model		: 61
model name	: Intel(R) Core(TM) i5-5200U CPU @ 2.20GHz
stepping	: 4
microcode	: 0x1d
cpu MHz		: 2499.578
cache size	: 3072 KB
physical id	: 0
siblings	: 4
core id		: 0
cpu cores	: 2
apicid		: 0
initial apicid	: 0
fpu		: yes
fpu_exception	: yes
cpuid level	: 20
wp		: yes
flags		: fpu vme de pse tsc msr pae mce cx8 apic sep mtrr pge mca cmov pat pse36 clflush dts acpi mmx fxsr sse sse2 ss ht tm pbe syscall nx pdpe1gb rdtscp lm constant_tsc arch_perfmon pebs bts rep_good nopl xtopology nonstop_tsc aperfmperf eagerfpu pni pclmulqdq dtes64 monitor ds_cpl vmx est tm2 ssse3 sdbg fma cx16 xtpr pdcm pcid sse4_1 sse4_2 x2apic movbe popcnt tsc_deadline_timer aes xsave avx f16c rdrand lahf_lm abm 3dnowprefetch epb intel_pt tpr_shadow vnmi flexpriority ept vpid fsgsbase tsc_adjust bmi1 avx2 smep bmi2 erms invpcid rdseed adx smap xsaveopt dtherm ida arat pln pts
bugs		:
bogomips	: 4389.91
clflush size	: 64
cache_alignment	: 64
address sizes	: 39 bits physical, 48 bits virtual
power management:

processor	: 1
vendor_id	: GenuineIntel
cpu family	: 6
model		: 61
model name	: Intel(R) Core(TM) i5-5200U CPU @ 2.20GHz
stepping	: 4
microcode	: 0x1d
cpu MHz		: 2499.921
cache size	: 3072 KB
physical id	: 0
siblings	: 4
core id		: 1
cpu cores	: 2
apicid		: 2
initial apicid	: 2
fpu		: yes
fpu_exception	: yes
cpuid level	: 20
wp		: yes
flags		: fpu vme de pse tsc msr pae mce cx8 apic sep mtrr pge mca cmov pat pse36 clflush dts acpi mmx fxsr sse sse2 ss ht tm pbe syscall nx pdpe1gb rdtscp lm constant_tsc arch_perfmon pebs bts rep_good nopl xtopology nonstop_tsc aperfmperf eagerfpu pni pclmulqdq dtes64 monitor ds_cpl vmx est tm2 ssse3 sdbg fma cx16 xtpr pdcm pcid sse4_1 sse4_2 x2apic movbe popcnt tsc_deadline_timer aes xsave avx f16c rdrand lahf_lm abm 3dnowprefetch epb intel_pt tpr_shadow vnmi flexpriority ept vpid fsgsbase tsc_adjust bmi1 avx2 smep bmi2 erms invpcid rdseed adx smap xsaveopt dtherm ida arat pln pts
bugs		:
bogomips	: 4389.91
clflush size	: 64
cache_alignment	: 64
address sizes	: 39 bits physical, 48 bits virtual
power management:

processor	: 2
vendor_id	: GenuineIntel
cpu family	: 6
model		: 61
model name	: Intel(R) Core(TM) i5-5200U CPU @ 2.20GHz
stepping	: 4
microcode	: 0x1d
cpu MHz		: 2499.578
cache size	: 3072 KB
physical id	: 0
siblings	: 4
core id		: 0
cpu cores	: 2
apicid		: 1
initial apicid	: 1
fpu		: yes
fpu_exception	: yes
cpuid level	: 20
wp		: yes
flags		: fpu vme de pse tsc msr pae mce cx8 apic sep mtrr pge mca cmov pat pse36 clflush dts acpi mmx fxsr sse sse2 ss ht tm pbe syscall nx pdpe1gb rdtscp lm constant_tsc arch_perfmon pebs bts rep_good nopl xtopology nonstop_tsc aperfmperf eagerfpu pni pclmulqdq dtes64 monitor ds_cpl vmx est tm2 ssse3 sdbg fma cx16 xtpr pdcm pcid sse4_1 sse4_2 x2apic movbe popcnt tsc_deadline_timer aes xsave avx f16c rdrand lahf_lm abm 3dnowprefetch epb intel_pt tpr_shadow vnmi flexpriority ept vpid fsgsbase tsc_adjust bmi1 avx2 smep bmi2 erms invpcid rdseed adx smap xsaveopt dtherm ida arat pln pts
bugs		:
bogomips	: 4389.91
clflush size	: 64
cache_alignment	: 64
address sizes	: 39 bits physical, 48 bits virtual
power management:

processor	: 3
vendor_id	: GenuineIntel
cpu family	: 6
model		: 61
model name	: Intel(R) Core(TM) i5-5200U CPU @ 2.20GHz
stepping	: 4
microcode	: 0x1d
cpu MHz		: 2499.578
cache size	: 3072 KB
physical id	: 0
siblings	: 4
core id		: 1
cpu cores	: 2
apicid		: 3
initial apicid	: 3
fpu		: yes
fpu_exception	: yes
cpuid level	: 20
wp		: yes
flags		: fpu vme de pse tsc msr pae mce cx8 apic sep mtrr pge mca cmov pat pse36 clflush dts acpi mmx fxsr sse sse2 ss ht tm pbe syscall nx pdpe1gb rdtscp lm constant_tsc arch_perfmon pebs bts rep_good nopl xtopology nonstop_tsc aperfmperf eagerfpu pni pclmulqdq dtes64 monitor ds_cpl vmx est tm2 ssse3 sdbg fma cx16 xtpr pdcm pcid sse4_1 sse4_2 x2apic movbe popcnt tsc_deadline_timer aes xsave avx f16c rdrand lahf_lm abm 3dnowprefetch epb intel_pt tpr_shadow vnmi flexpriority ept vpid fsgsbase tsc_adjust bmi1 avx2 smep bmi2 erms invpcid rdseed adx smap xsaveopt dtherm ida arat pln pts
bugs		:
bogomips	: 4389.91
clflush size	: 64
cache_alignment	: 64
address sizes	: 39 bits physical, 48 bits virtual
power management:



Memory: 4k page, physical 12222304k(3127916k free), swap 4110332k(4110332k free)

vm_info: Java HotSpot(TM) 64-Bit Server VM (25.101-b13) for linux-amd64 JRE (1.8.0_101-b13), built on Jun 22 2016 02:59:44 by "java_re" with gcc 4.3.0 20080428 (Red Hat 4.3.0-8)

time: Wed Oct 26 15:49:05 2016
elapsed time: 542 seconds (0d 0h 9m 2s)

